1543389317998	mozrunner::runner	INFO	Running command: "D:\\火狐\\firefox.exe" "-marionette" "-headless" "--disable-gpu" "-foreground" "-no-remote" "-profile" "C:\\Users\\14832\\AppData\\Local\\Temp\\rust_mozprofile.PlQJRSs1qQPP"
*** You are running in headless mode.
1543389321673	Marionette	INFO	Listening on port 64238
1543389322018	Marionette	WARN	TLS certificate errors will be ignored for this session
1543389342757	Marionette	INFO	Stopped listening on port 64238
[Parent 39260, Gecko_IOThread] WARNING: pipe error: 109: file z:/build/build/src/ipc/chromium/src/chrome/common/ipc_channel_win.cc, line 346
[Parent 39260, Gecko_IOThread] WARNING: pipe error: 109: file z:/build/build/src/ipc/chromium/src/chrome/common/ipc_channel_win.cc, line 346
[Child 32156, Chrome_ChildThread] WARNING: pipe error: 109: file z:/build/build/src/ipc/chromium/src/chrome/common/ipc_channel_win.cc, line 346
[Child 32156, Chrome_ChildThread] WARNING: pipe error: 109: file z:/build/build/src/ipc/chromium/src/chrome/common/ipc_channel_win.cc, line 346
1543389918579	mozrunner::runner	INFO	Running command: "D:\\火狐\\firefox.exe" "-marionette" "-headless" "--disable-gpu" "-foreground" "-no-remote" "-profile" "C:\\Users\\14832\\AppData\\Local\\Temp\\rust_mozprofile.bFonXmNDSLbd"
*** You are running in headless mode.
1543389921421	Marionette	INFO	Listening on port 17701
1543389921902	Marionette	WARN	TLS certificate errors will be ignored for this session
1543389941204	Marionette	INFO	Stopped listening on port 17701
[Child 41200, Chrome_ChildThread] WARNING: pipe error: 109: file z:/build/build/src/ipc/chromium/src/chrome/common/ipc_channel_win.cc, line 346
[Child 41200, Chrome_ChildThread] WARNING: pipe error: 109[Parent 18500, Gecko_IOThread] WARNING: pipe error: 109: file z:/build/build/src/ipc/chromium/src/chrome/common/ipc_channel_win.cc, line 346
[Parent 18500, Gecko_IOThread] WARNING: pipe error: 109: file z:/build/build/src/ipc/chromium/src/chrome/common/ipc_channel_win.cc, line 346
1543390020148	mozrunner::runner	INFO	Running command: "D:\\火狐\\firefox.exe" "-marionette" "-headless" "--disable-gpu" "-foreground" "-no-remote" "-profile" "C:\\Users\\14832\\AppData\\Local\\Temp\\rust_mozprofile.BzVtiBR1EdBq"
*** You are running in headless mode.
1543390022962	Marionette	INFO	Listening on port 20557
1543390023387	Marionette	WARN	TLS certificate errors will be ignored for this session
1543390043247	Marionette	INFO	Stopped listening on port 20557
[Child 15980, Chrome_ChildThread] WARNING: pipe error: 109: file z:/build/build/src/ipc/chromium/src/chrome/common/ipc_channel_win.cc, line 346
[Child 15980,[Parent 21636, Gecko_IOThread] WARNING: pipe error: 109: file z:/build/build/src/ipc/chromium/src/chrome/common/ipc_channel_win.cc, line 346
[Child 1620, Chrome_ChildThread] WARNING: pipe error: 109: file z:/build/build/src/ipc/chromium/src/chrome/common/ipc_channel_win.cc, line 346
[Ch1543390433888	mozrunner::runner	INFO	Running command: "D:\\火狐\\firefox.exe" "-marionette" "-headless" "--disable-gpu" "-foreground" "-no-remote" "-profile" "C:\\Users\\14832\\AppData\\Local\\Temp\\rust_mozprofile.NNngpLlT3fcC"
*** You are running in headless mode.
1543390436224	Marionette	INFO	Listening on port 33582
1543390436619	Marionette	WARN	TLS certificate errors will be ignored for this session
1543390457118	Marionette	INFO	Stopped listening on port 33582
[Parent 42824, Gecko_IOThread] WARNING: pipe error: 109: file z:/build/build/src/ipc/chromium/src/chrome/common/ipc_channel_win.cc, line 346
[Child 30168, Chrome_ChildThread] WARNING: pipe error: 109: file z:/build/build/src/ipc/chromium/src/chrome/common/ipc_channel_win.cc, line 346
[Child 30168, Chrome_ChildThread] WARNING: pip[Parent 42824, Gecko_IOThread] WARNING: pipe error: 109: file z:/build/build/src/ipc/chromium/src/chrome/common/ipc_channel_win.cc, line 346
[Parent 42824, Gecko_IOThread] WARNING: pipe error: 109: file z:/build/build/src/ipc/chromium/src/chrome/common/ipc_channel_win.cc, line 346
1543392683641	mozrunner::runner	INFO	Running command: "D:\\火狐\\firefox.exe" "-marionette" "-headless" "--disable-gpu" "-foreground" "-no-remote" "-profile" "C:\\Users\\14832\\AppData\\Local\\Temp\\rust_mozprofile.CFBIEhVZoWUs"
*** You are running in headless mode.
1543392688289	Marionette	INFO	Listening on port 35948
1543392688680	Marionette	WARN	TLS certificate errors will be ignored for this session
console.error: BroadcastService: 
  receivedBroadcastMessage: handler for
  remote-settings/monitor_changes
  threw error:
  Message: Error: Polling for changes failed: NetworkError when attempting to fetch resource..
  Stack:
    remoteSettingsFunction/remoteSettings.pollChanges@resource://services-settings/remote-settings.js:721:13

1543392714910	Marionette	INFO	Stopped listening on port 35948
[Parent 11484, Gecko_IOThread] WARNING: pipe error: 109: file z:/build/build/src/ipc/chromium/src/chrome/common/ipc_channel_win.cc, line 346
[Child 36756, Chrome_ChildThread] WARNING: pipe error: 109: file z:/build/build/src/ipc/chromium/src/chrome/common/ipc_channel_win.cc, line 346
[C[Parent 11484, Gecko_IOThread] WARNING: pipe error: 109: file z:/build/build/src/ipc/chromium/src/chrome/common/ipc_channel_win.cc, line 346
[Parent 11484, Gecko_IOThread] WARNING: pipe error: 109: file z:/build/build/src/ipc/chromium/src/chrome/common/ipc_channel_win.cc, line 346
[Child 15980, Chrome_ChildThread] WARNING: pipe error: 109: file z:/build/build/src/ipc/chromium/src/chrome/common/ipc_channel_win.cc, line 346
[Child 15980, Chrome_ChildThread] WARNING: pipe error: 109: file z:/bui[Parent 11484, Gecko_IOThread] WARNING: pipe error: 109: file z:/build/build/src/ipc/chromium/src/chrome/common/ipc_channel_win.cc, line 346
[Child 38020, Chrome_ChildThread] WARNING: pipe error: 109: file z:/build/build/src/ipc/chromium/src/chrome/common/ipc_channel_win.cc, line 346
[Child 31543392810319	mozrunner::runner	INFO	Running command: "D:\\火狐\\firefox.exe" "-marionette" "-headless" "--disable-gpu" "-foreground" "-no-remote" "-profile" "C:\\Users\\14832\\AppData\\Local\\Temp\\rust_mozprofile.11LxaXkpz9yR"
*** You are running in headless mode.
1543392813062	Marionette	INFO	Listening on port 39737
1543392813147	Marionette	WARN	TLS certificate errors will be ignored for this session
1543392833965	Marionette	INFO	Stopped listening on port 39737
[Child 39588, Chrome_ChildThread] WARNING: pipe error: 109: file z:/build/build/src/ipc/chromium/src/chrome/common/ipc_channel_win.cc, line 346
[C[Parent 39796, Gecko_IOThread] WARNING: pipe error: 109: file z:/build/build/src/ipc/chromium/src/chrome/common/ipc_channel_win.cc, line 346
[Parent 39796, Gecko_IOThread] WARNING: pipe error: 109: file z:/build/build/src/ipc/chromium/src/chrome/common/ipc_channel_win.cc, line 346
[Child 41880, Chrome_ChildThread] WARNING: pipe error: 109: file z:/build/build/src/ipc/chromium/src/chrome/common/ipc_channel_win.cc, line 346
[Child 41880, Chrome_ChildThread] WARNING: pipe error: 109: file z:/build/build/src/ipc/chromium/src/chrome/common/ipc_channel_win.cc, line 346
1543396084757	mozrunner::runner	INFO	Running command: "D:\\火狐\\firefox.exe" "-marionette" "-headless" "--disable-gpu" "-foreground" "-no-remote" "-profile" "C:\\Users\\14832\\AppData\\Local\\Temp\\rust_mozprofile.IsHo1EKSqw6t"
*** You are running in headless mode.
1543396088743	Marionette	INFO	Listening on port 10784
1543396089178	Marionette	WARN	TLS certificate errors will be ignored for this session
1543396109534	Marionette	INFO	Stopped listening on port 10784
[Parent 32612, Gecko_IOThread] WARNING: pipe error: 109: file z:/build/build/src/ipc/chromium/src/chrome/common/ipc_channel_win.cc, line 346
[Parent 32612, Gecko_IOThread] WARNING: pipe error: 109: file z:/build/build/src/ipc/chromium/src/chrome/common/ipc_channel_win.cc, line 346
[Child 42408, Chrome_ChildThread] WARNING: pipe error: 109: file z:/build/build/src/ipc/chromium/src/chrome/common/ipc_channel_win.cc, line 346[Chil
[Child 42408,[Parent 32612, Gecko_IOThread] WARNING: pipe error: 109: file z:/build/build/src/ipc/chromium/src/chrome/common/ipc_channel_win.cc, line 346
[Child 42196, Chrome_ChildThread] WARNING: pipe error: 109: file z:/build/build/src/ipc/chromium/src/chrome/common/ipc_channel_win.cc, line 346
[Chil1543396269347	mozrunner::runner	INFO	Running command: "D:\\火狐\\firefox.exe" "-marionette" "-headless" "--disable-gpu" "-foreground" "-no-remote" "-profile" "C:\\Users\\14832\\AppData\\Local\\Temp\\rust_mozprofile.LfY6ckyy84qw"
*** You are running in headless mode.
1543396274047	Marionette	INFO	Listening on port 16791
1543396274380	Marionette	WARN	TLS certificate errors will be ignored for this session
console.error: BroadcastService: 
  receivedBroadcastMessage: handler for
  remote-settings/monitor_changes
  threw error:
  Message: Error: Polling for changes failed: NetworkError when attempting to fetch resource..
  Stack:
    remoteSettingsFunction/remoteSettings.pollChanges@resource://services-settings/remote-settings.js:721:13

1543396297531	Marionette	INFO	Stopped listening on port 16791
[Child 40076, Chrome_ChildThread] WARNING: pipe error: 109: file z:/build/build/src/ipc/chromium/src/chrome/common/ipc_channel_win.cc, line 346
[Child 40076, Chrome_ChildThread] [Child 40064, Chrome_ChildThread] WARNING: pipe error: 109: file z:/build/build/src/ipc/chromium/src/chrome/common/ipc_channel_win.cc, line 346
[Chil[Parent 27064, Gecko_IOThread] WARNING: pipe error: 109: file z:/build/build/src/ipc/chromium/src/chrome/common/ipc_channel_win.cc, line 346
[Child 25100, Chrome_ChildThread] WARNING: pipe error: 109: file z:/build/build/src/ipc/chromium/src/chrome/common/ipc_channel_win.cc, line 346
[C1543396534512	mozrunner::runner	INFO	Running command: "D:\\火狐\\firefox.exe" "-marionette" "-headless" "--disable-gpu" "-foreground" "-no-remote" "-profile" "C:\\Users\\14832\\AppData\\Local\\Temp\\rust_mozprofile.0RESH5SEV1HT"
*** You are running in headless mode.
1543396537409	Marionette	INFO	Listening on port 23940
1543396537754	Marionette	WARN	TLS certificate errors will be ignored for this session
console.error: BroadcastService: 
  receivedBroadcastMessage: handler for
  remote-settings/monitor_changes
  threw error:
  Message: Error: Polling for changes failed: NetworkError when attempting to fetch resource..
  Stack:
    remoteSettingsFunction/remoteSettings.pollChanges@resource://services-settings/remote-settings.js:721:13

1543396559162	Marionette	INFO	Stopped listening on port 23940
[Child 37948, Chrome_ChildThread] WARNING: pipe error: 109: file z:/build/build/src/ipc/chromium/src/chrome/common/ipc_channel_win.cc, line 346
[Chi[Parent 40228, Gecko_IOThread] WARNING: pipe error: 109: file z:/build/build/src/ipc/chromium/src/chrome/common/ipc_channel_win.cc, line 346
[Child 38496, Chrome_ChildThread] WARNING: pipe error: 109: file z:/build/build/src/ipc/chromium/src/chrome/common/ipc_channel_win.cc, line 346
[Child 3841543449710702	mozrunner::runner	INFO	Running command: "D:\\火狐\\firefox.exe" "-marionette" "-headless" "--disable-gpu" "-foreground" "-no-remote" "-profile" "C:\\Users\\14832\\AppData\\Local\\Temp\\rust_mozprofile.s41qWWhO6oqb"
*** You are running in headless mode.
1543449714464	Marionette	INFO	Listening on port 6449
1543449714645	Marionette	WARN	TLS certificate errors will be ignored for this session
1543449735119	Marionette	INFO	Stopped listening on port 6449
[Parent 24636, Gecko_IOThread] WARNING: pipe error: 109: file z:/build/build/src/ipc/chromium/src/chrome/common/ipc_channel_win.cc, line 346
[Child 44100, Chrome_ChildThread] WARNING: pipe error: 109: file z:/build/build/src/ipc/chromium/src/chrome/common/ipc_channel_win.cc, line 346
[Child 44100, Chrome_ChildThread] WARNING: pipe error: 109: file z:/build/b[Child 31596, Chrome_ChildThread] WARNING: pipe error: 109: file z:/build/build/src/ipc/chromium/src/chrome/common/ipc_channel_win.cc, line 346
[Ch[Child 34480, Chrome_ChildThread] WARNING: pipe error: 109: file z:/build/build/src/ipc/chromium/src/chrome/common/ipc_channel_win.cc, line 346
[Child 34480, Chrome_ChildThread] WARNING: pipe error: 109: file z:/build/build/src/ipc/chromium/src/chrome/common/ipc_channel_win.cc, line 346
1543449900531	mozrunner::runner	INFO	Running command: "D:\\火狐\\firefox.exe" "-marionette" "-headless" "--disable-gpu" "-foreground" "-no-remote" "-profile" "C:\\Users\\14832\\AppData\\Local\\Temp\\rust_mozprofile.AS1vpyElpAmN"
*** You are running in headless mode.
1543449902453	Marionette	INFO	Listening on port 6525
1543449902749	Marionette	WARN	TLS certificate errors will be ignored for this session
1543449921297	Marionette	INFO	Stopped listening on port 6525
[Child 29380, Chrome_ChildThread] WARNING: pipe error: 109: file z:/build/build/src/ipc/chromium/src/chrome/common/ipc_channel_win.cc, line 346
[Child 2[Child 22400, Chrome_ChildThread] WARNING: pipe error: 109: file z:/build/build/src/ipc/chromium/src/chrome/common/ipc_channel_win.cc, line 346
[Ch[Parent 44212, Gecko_IOThread] WARNING: pipe error: 109: file z:/build/build/src/ipc/chromium/src/chrome/common/ipc_channel_win.cc, line 346
[Child 43908, Chrome_ChildThread] WARNING: pipe error: 109: file z:/build/build/src/ipc/chromium/src/chrome/common/ipc_channel_win.cc, line 346
[Chi1543449975946	mozrunner::runner	INFO	Running command: "D:\\火狐\\firefox.exe" "-marionette" "-headless" "--disable-gpu" "-foreground" "-no-remote" "-profile" "C:\\Users\\14832\\AppData\\Local\\Temp\\rust_mozprofile.iscVYKyCoKyh"
*** You are running in headless mode.
1543449978022	Marionette	INFO	Listening on port 6568
1543449978175	Marionette	WARN	TLS certificate errors will be ignored for this session
1543449996727	Marionette	INFO	Stopped listening on port 6568
[Parent 24668, Gecko_IOThread] WARNING: pipe error: 109: file z:/build/build/src/ipc/chromium/src/chrome/common/ipc_channel_win.cc, line 346
[Child 11468, Chrome_ChildThread] WARNING: pipe error: 109: file z:/build/build/src/ipc/chromium/src/chrome/common/ipc_channel_win.cc, line 346
[Child 11468, Chrome_ChildThr[Child 37836, Chrome_ChildThread] WARNING: pipe error: 109: file z:/build/build/src/ipc/chromium/src/chrome/common/ipc_channel_win.cc, line 346
[Chil[Parent 24668, Gecko_IOThread] WARNING: pipe error: 109: file z:/build/build/src/ipc/chromium/src/chrome/common/ipc_channel_win.cc, line 346
1543450153143	mozrunner::runner	INFO	Running command: "D:\\火狐\\firefox.exe" "-marionette" "-headless" "--disable-gpu" "-foreground" "-no-remote" "-profile" "C:\\Users\\14832\\AppData\\Local\\Temp\\rust_mozprofile.TV5h4qUeZ4Pb"
*** You are running in headless mode.
1543450154957	Marionette	INFO	Listening on port 6622
1543450155270	Marionette	WARN	TLS certificate errors will be ignored for this session
console.error: BroadcastService: 
  receivedBroadcastMessage: handler for
  remote-settings/monitor_changes
  threw error:
  Message: Error: Polling for changes failed: NetworkError when attempting to fetch resource..
  Stack:
    remoteSettingsFunction/remoteSettings.pollChanges@resource://services-settings/remote-settings.js:721:13

1543450358855	mozrunner::runner	INFO	Running command: "D:\\火狐\\firefox.exe" "-marionette" "-headless" "--disable-gpu" "-foreground" "-no-remote" "-profile" "C:\\Users\\14832\\AppData\\Local\\Temp\\rust_mozprofile.W4obloNCfFmF"
*** You are running in headless mode.
1543450360827	Marionette	INFO	Listening on port 6686
1543450360991	Marionette	WARN	TLS certificate errors will be ignored for this session
1543450380774	Marionette	INFO	Stopped listening on port 6686
[Parent 40600, Gecko_IOThread] WARNING: pipe error: 109: file z:/build/build/src/ipc/chromium/src/chrome/common/ipc_channel_win.cc, line 346
[Parent 40600, Gecko_IOThread] WARNING: pipe error: 109: file z:/build/build/src/ipc/chromium/src/chrome/common/ipc_channel_win.cc, line 346
[Child 30764, Chrome_ChildThread] WARNING: pipe error: 109: file z:/build/build/src/ipc/chromium/src/chrome/common/ipc_channel_win.cc, line 346
[Chi[Parent 40600, Gecko_IOThread] WARNING: pipe error: 109: file z:/build/build/src/ipc/chromium/src/chrome/common/ipc_channel_win.cc, line 346
[Child 6360, Chrome_ChildThread] WARNING: pipe error: 109: file z:/build/build/src/ipc/chromium/src/chrome/common/ipc_channel_win.cc, line 346
[C1543450554861	mozrunner::runner	INFO	Running command: "D:\\火狐\\firefox.exe" "-marionette" "-headless" "--disable-gpu" "-foreground" "-no-remote" "-profile" "C:\\Users\\14832\\AppData\\Local\\Temp\\rust_mozprofile.wmy8TBYpd0ay"
*** You are running in headless mode.
1543450556780	Marionette	INFO	Listening on port 6746
1543450557038	Marionette	WARN	TLS certificate errors will be ignored for this session
1543450577046	Marionette	INFO	Stopped listening on port 6746
[Parent 21720, Gecko_IOThread] WARNING: pipe error: 109: file z:/build/build/src/ipc/chromium/src/chrome/common/ipc_channel_win.cc, line 346
[Child 42456, Chrome_ChildThread] WARNING: pipe error: 109: file z:/build/build/src/ipc/chromium/src/chrome/common/ipc_channel_win.cc, line 346
[Child 4[Child 31236, Chrome_ChildThread] WARNING: pipe error: 109: file z:/build/build/src/ipc/chromium/src/chrome/common/ipc_channel_win.cc, line 346
[C[Parent 21720, Gecko_IOThread] WARNING: pipe error: 109: file z:/build/build/src/ipc/chromium/src/chrome/common/ipc_channel_win.cc, line 346
1543451039987	mozrunner::runner	INFO	Running command: "D:\\火狐\\firefox.exe" "-marionette" "-headless" "--disable-gpu" "-foreground" "-no-remote" "-profile" "C:\\Users\\14832\\AppData\\Local\\Temp\\rust_mozprofile.ubNSQ3OYOtlE"
*** You are running in headless mode.
1543451042142	Marionette	INFO	Listening on port 7121
1543451042219	Marionette	WARN	TLS certificate errors will be ignored for this session
console.error: BroadcastService: 
  receivedBroadcastMessage: handler for
  remote-settings/monitor_changes
  threw error:
  Message: Error: Polling for changes failed: NetworkError when attempting to fetch resource..
  Stack:
    remoteSettingsFunction/remoteSettings.pollChanges@resource://services-settings/remote-settings.js:721:13

1543451063324	Marionette	INFO	Stopped listening on port 7121
[Parent 15324, Gecko_IOThread] WARNING: pipe error: 109: file z:/build/build/src/ipc/chromium/src/chrome/common/ipc_channel_win.cc, line 346
[Child 39648, Chrome_ChildThread] WARNING: pipe error: 109: file z:/build/build/src/ipc/chromium/src/chrome/common/ipc_channel_win.cc, line 346
[Child 39648, Chro[Parent 15324, Gecko_IOThread] WARNING: pipe error: 109: file z:/build/build/src/ipc/chromium/src/chrome/common/ipc_channel_win.cc, line 346
[Child 4688, Chrome_ChildThread] WARNING: pipe error: 109: file z:/build/build/src/ipc/chromium/src/chrome/common/ipc_channel_win.cc, line 346
[Child 4688, Chrome1543454966104	mozrunner::runner	INFO	Running command: "D:\\火狐\\firefox.exe" "-marionette" "-headless" "--disable-gpu" "-foreground" "-no-remote" "-profile" "C:\\Users\\14832\\AppData\\Local\\Temp\\rust_mozprofile.YU5PD8SpiHL0"
*** You are running in headless mode.
1543454971836	Marionette	INFO	Listening on port 6473
1543454972170	Marionette	WARN	TLS certificate errors will be ignored for this session
console.error: BroadcastService: 
  receivedBroadcastMessage: handler for
  remote-settings/monitor_changes
  threw error:
  Message: Error: Polling for changes failed: NetworkError when attempting to fetch resource..
  Stack:
    remoteSettingsFunction/remoteSettings.pollChanges@resource://services-settings/remote-settings.js:721:13

1543454992194	Marionette	INFO	Stopped listening on port 6473
[Parent 32152, Gecko_IOThread] WARNING: pipe error: 109[Chil:d 26992, Chrome_Ch ildThread] WARNING: pipe error: 109: file z:/build/build/src/ipc/chromium/src/chrome/common/ipc_channel_win.cc, line 346f
ile z:/build/build/src/ipc/chromium/src/chrome/common/ipc_channel_win.cc, line 346
[Child 35408, Chrome_ChildThread] WARNING: pipe error: 109: file z:/build/build/src/ipc/chromium/src/chrome/common/ipc_channel_win.cc, line 346
[Chi[Parent 32152, Gecko_IOThread] WARNING: pipe error: 109: file z:/build/build/src/ipc/chromium/src/chrome/common/ipc_channel_win.cc, line 346

###!!! [Child][MessageChannel] Error: (msgtype=0x4C0006,name=PHttpChannel::Msg_Cancel) Closed channel: cannot send/recv


###!!! [Parent][MessageChannel] Error: (msgtype=0x190091,name=PBrowser::Msg_UpdateNativeWindowHandle) Closed channel: cannot send/recv


###!!! [Child][MessageChannel] Error: (msgtype=0x4C001E,name=PHttpChannel::Msg_SetPriority) Closed channel: cannot send/recv


###!!! [Parent][MessageChannel] Error: (msgtype=0x190084,name=PBrowser::Msg_Destroy) Closed channel: cannot send/recv


###!!! [Child][MessageChannel] Error: (msgtype=0x300116,name=PContent::Msg_DetachBrowsingContext) Closed channel: cannot send/recv

[Parent 32152, Gecko_IOThread] WARNING: pipe error: 109: file z:/build/build/src/ipc/chromium/src/chrome/common/ipc_channel_win.cc, line 346
[Child 32700, Chrome_ChildThread] WARNING: pipe error: 109: file z:/build/build/src/ipc/chromium/src/chrome/common/ipc_channel_win.cc, line 346
[Child 32700, Chrome_ChildThread] WARNING: pipe error: 109: file z:/build/build/src/ipc/chromium/src/chro1543455430828	mozrunner::runner	INFO	Running command: "D:\\火狐\\firefox.exe" "-marionette" "-headless" "--disable-gpu" "-foreground" "-no-remote" "-profile" "C:\\Users\\14832\\AppData\\Local\\Temp\\rust_mozprofile.PPfWfX7ObR9w"
*** You are running in headless mode.
1543455434058	Marionette	INFO	Listening on port 17838
1543455434145	Marionette	WARN	TLS certificate errors will be ignored for this session
1543455452507	Marionette	INFO	Stopped listening on port 17838
[Child 27792, Chrome_ChildThread] WARNING: pipe error: 109: file z:/build/build/src/ipc/chromium/src/chrome/common/ipc_channel_win.cc, line 346
[Child 27792[Parent 35320, Gecko_IOThread] WARNING: pipe error: 109: file z:/build/build/src/ipc/chromium/src/chrome/common/ipc_channel_win.cc, line 346
[Parent 35320, Gecko_IOThread] WARNING: pipe error: 109: file z:/build/build/src/ipc/chromium/src/chrome/common/ipc_channel_win.cc, line 346
[Child 37416, Chrome_ChildThread] WARNING: pipe error: 109: file z:/build/build/src/ipc/chromium/src/chrome/common/ipc_channel_win.cc, line 346
[Chi1543458247686	mozrunner::runner	INFO	Running command: "D:\\火狐\\firefox.exe" "-marionette" "-headless" "--disable-gpu" "-foreground" "-no-remote" "-profile" "C:\\Users\\14832\\AppData\\Local\\Temp\\rust_mozprofile.8EJNtAFwI9vG"
*** You are running in headless mode.
1543458251599	Marionette	INFO	Listening on port 25561
1543458251615	Marionette	WARN	TLS certificate errors will be ignored for this session
console.error: BroadcastService: 
  receivedBroadcastMessage: handler for
  remote-settings/monitor_changes
  threw error:
  Message: Error: Polling for changes failed: NetworkError when attempting to fetch resource..
  Stack:
    remoteSettingsFunction/remoteSettings.pollChanges@resource://services-settings/remote-settings.js:721:13

1543458271501	Marionette	INFO	Stopped listening on port 25561
[Parent 39584, Gecko_IOThread] WARNING: pipe error: 109: file z:/build/build/src/ipc/chromium/src/chrome/common/ipc_channel_win.cc, line 346
[Child 30240, Chrome_ChildThread] WARNING: pipe error: 109: file z:/build/build/src/ipc/chromium/src/chrome/common/ipc_channel_win.cc, line 346
[C[Parent 39584, Gecko_IOThread] WARNING: pipe error: 109: file z:/build/build/src/ipc/chromium/src/chrome/common/ipc_channel_win.cc, line 346
[Child 22760, Chrome_ChildThread] WARNING: pipe error: 109: file z:/build/build/src/ipc/chromium/src/chrome/common/ipc_channel_win.cc, line 346
[Child 22760, Chrome_ChildThread] WARNING: pipe error: 109: file z:/build/build/src/ipc/chromium/src/chrome/common/ipc_channel_win.cc, line 346
1543458558462	mozrunner::runner	INFO	Running command: "D:\\火狐\\firefox.exe" "-marionette" "-headless" "--disable-gpu" "-foreground" "-no-remote" "-profile" "C:\\Users\\14832\\AppData\\Local\\Temp\\rust_mozprofile.pALttQp3fumd"
*** You are running in headless mode.
1543458561624	Marionette	INFO	Listening on port 33391
1543458561696	Marionette	WARN	TLS certificate errors will be ignored for this session
1543458589821	Marionette	INFO	Stopped listening on port 33391
[Child 35500, Chrome_ChildThread] WARNING: pipe error: 109: file z:/build/build/src/ipc/chromium/src/chrome/common/ipc_channel_win.cc, line 346
[Child 35500, Chrome_ChildThread] WARNING: pipe error: 109: file z:/build/build/src/ipc/chromium/src/chrome/common/ipc_channel_win.cc, lin[Parent 30112, Gecko_IOThread] WARNING: pipe error: 109: file z:/build/build/src/ipc/chromium/src/chrome/common/ipc_channel_win.cc, line 346
[Child 38812, Chrome_ChildThread] WARNING: pipe error: 109: file z:/build/build/src/ipc/chromium/src/chrome/common/ipc_channel_win.cc, line 346
[Child 38812, Chrome_ChildThread] WARNING: pipe error: 109: file z:/build/build/src/ipc/chromium/src/chrome/common/ipc_channel_win.cc, line 346
1543459326508	mozrunner::runner	INFO	Running command: "D:\\火狐\\firefox.exe" "-marionette" "-headless" "--disable-gpu" "-foreground" "-no-remote" "-profile" "C:\\Users\\14832\\AppData\\Local\\Temp\\rust_mozprofile.xmWIdC9HqQKn"
*** You are running in headless mode.
1543459331824	Marionette	INFO	Listening on port 55644
1543459331955	Marionette	WARN	TLS certificate errors will be ignored for this session
1543459355411	Marionette	INFO	Stopped listening on port 55644
[Parent 12052, Gecko_IOThread] WARNING: pipe error: 109: file z:/build/build/src/ipc/chromium/src/chrome/common/ipc_channel_win.cc, line 346
[Child 41012, Chrome_ChildThread] WARNING: pipe error: 109: file z:/build/build/src/ipc/chromium/src/chrome/common/ipc_channel_win.cc, line 346
[Chi
###!!! [Parent][MessageChannel] Error: (msgtype=0x190091,name=PBrowser::Msg_UpdateNativeWindowHandle) Closed channel: cannot send/recv


###!!! [Parent][MessageChannel] Error: (msgtype=0x190084,name=PBrowser::Msg_Destroy) Closed channel: cannot send/recv


###!!! [Child][MessageChannel] Error: (msgtype=0x300116,name=PContent::Msg_DetachBrowsingContext) Closed channel: cannot send/recv

[Parent 12052, Gecko_IOThread] WARNING: pipe error: 109: file z:/build/build/src/ipc/chromium/src/chrome/common/ipc_channel_win.cc, line 346
[Child 34212, Chrome_ChildThread] WARNING: pipe error: 109: file z:/build/build/src/ipc/chromium/src/chrome/common/ipc_channel_win.cc, line 346
[Child 34212, Chrome_ChildThread] WARNI[Parent 12052, Gecko_IOThread] WARNING: pipe error: 109: file z:/build/build/src/ipc/chromium/src/chrome/common/ipc_channel_win.cc, line 346
[Child 39532, Chrome_ChildThread] WARNING: pipe error: 109: file z:/build/build/src/ipc/chromium/src/chrome/common/ipc_channel_win.cc, line 346
[Child 1543459741693	mozrunner::runner	INFO	Running command: "D:\\火狐\\firefox.exe" "-marionette" "-headless" "--disable-gpu" "-foreground" "-no-remote" "-profile" "C:\\Users\\14832\\AppData\\Local\\Temp\\rust_mozprofile.dMABhTxrLdTB"
*** You are running in headless mode.
1543459744532	Marionette	INFO	Listening on port 65330
1543459744937	Marionette	WARN	TLS certificate errors will be ignored for this session
1543459768903	Marionette	INFO	Stopped listening on port 65330
[Child 6224, Chrome_ChildThread] WARNING: pipe error: 109: file z:/build/build/src/ipc/chromium/src/chrome/common/ipc_channel_win.cc, line 346
[Child 6224[Parent 31636, Gecko_IOThread] WARNING: pipe error: 109: file z:/build/build/src/ipc/chromium/src/chrome/common/ipc_channel_win.cc, line 346
[Parent 31636, Gecko_IOThread] WARNING: pipe error: 109: file z:/build/build/src/ipc/chromium/src/chrome/common/ipc_channel_win.cc, line 346
[Child 32152, Chrome_ChildThread] WARNING: pipe error: 109: file z:/build/build/src/ipc/chromium/src/chrome/common/ipc_channel_win.cc, line 346
[Child 32152, Chrome_ChildThread] WARNING: pipe error: 109: file z:/build/build/src/ipc/chromi1543460103997	mozrunner::runner	INFO	Running command: "D:\\火狐\\firefox.exe" "-marionette" "-headless" "--disable-gpu" "-foreground" "-no-remote" "-profile" "C:\\Users\\14832\\AppData\\Local\\Temp\\rust_mozprofile.5ykldNRWhXps"
*** You are running in headless mode.
1543460106997	Marionette	INFO	Listening on port 5401
1543460107334	Marionette	WARN	TLS certificate errors will be ignored for this session
1543460127168	Marionette	INFO	Stopped listening on port 5401
[Child 40744, Chrome_ChildThread] WARNING: pipe error: 109: file z:/build/build/src/ipc/chromium/src/chrome/common/ipc_channel_win.cc, line 346
[Child 40744, Chrome_ChildThread] WARNING: pipe error: 109: file z:/build/build/src/ipc/chromium/src/chrome/common/ipc_channel_win.cc, line 346
[Parent 44304, Gecko_IOThread] WARNING: pipe error: 109: file z:/build/build/src/ipc/chromium/src/chrome/common/ipc_channel_win.cc, line 346
[Child 37796, Chrome_ChildThread] WARNING: pipe error: 109: file z:/build/build/src/ipc/chromium/src/chrome/common/ipc_channel_win.cc, line 346
[Child 37796, Chrome_ChildThread]1543460372937	mozrunner::runner	INFO	Running command: "D:\\火狐\\firefox.exe" "-marionette" "-headless" "--disable-gpu" "-foreground" "-no-remote" "-profile" "C:\\Users\\14832\\AppData\\Local\\Temp\\rust_mozprofile.VitxImntvO38"
*** You are running in headless mode.
1543460376010	Marionette	INFO	Listening on port 11845
1543460376260	Marionette	WARN	TLS certificate errors will be ignored for this session
console.error: BroadcastService: 
  receivedBroadcastMessage: handler for
  remote-settings/monitor_changes
  threw error:
  Message: Error: Polling for changes failed: NetworkError when attempting to fetch resource..
  Stack:
    remoteSettingsFunction/remoteSettings.pollChanges@resource://services-settings/remote-settings.js:721:13

1543460401212	Marionette	INFO	Stopped listening on port 11845
[Parent 45932, Gecko_IOThread] WARNING: pipe error: 109: file z:/build/build/src/ipc/chromium/src/chrome/common/ipc_channel_win.cc, line 346
[Child 24488, Chrome_ChildThread] WARNING: pipe error: 109: file z:/build/build/src/ipc/chromium/src/chrome/common/ipc_channel_win.cc, line 346
[Child 24488, Ch[Parent 45932, Gecko_IOThread] WARNING: pipe error: 109: file z:/build/build/src/ipc/chromium/src/chrome/common/ipc_channel_win.cc, line 346
[Child 45280, Chrome_ChildThread] WARNING: pipe error: 109: file z:/build/build/src/ipc/chromium/src/chrome/common/ipc_channel_win.cc, line 346
[C1543460678417	mozrunner::runner	INFO	Running command: "D:\\火狐\\firefox.exe" "-marionette" "-headless" "--disable-gpu" "-foreground" "-no-remote" "-profile" "C:\\Users\\14832\\AppData\\Local\\Temp\\rust_mozprofile.dEEYg8x6EeE9"
*** You are running in headless mode.
1543460681322	Marionette	INFO	Listening on port 19718
1543460681663	Marionette	WARN	TLS certificate errors will be ignored for this session
1543460702156	Marionette	INFO	Stopped listening on port 19718
[Parent 36288, Gecko_IOThread] WARNING: pipe error: 109: file z:/build/build/src/ipc/chromium/src/chrome/common/ipc_channel_win.cc, line 346
[Parent 36288, Gecko_IOThread] WARNING: pipe error: 109: file z:/build/build/src/ipc/chromium/src/chrome/common/ipc_channel_win.cc, line 346
[Parent 36288, Gecko_IOThread] WARNING: pipe error: 109: file z:/build/build/src/ipc/chromium/src/chrome/common/ipc_channel_win.cc, line 346
[Child 45312, Chrome_ChildThread] WARNING: pipe error: 109: file z:/build/build/src/ipc/chromium/src/chrome/common/ipc_channel_win.cc, line 346
[Child 453121543460957271	mozrunner::runner	INFO	Running command: "D:\\火狐\\firefox.exe" "-marionette" "-headless" "--disable-gpu" "-foreground" "-no-remote" "-profile" "C:\\Users\\14832\\AppData\\Local\\Temp\\rust_mozprofile.zf5dskjD1o6l"
*** You are running in headless mode.
1543460960529	Marionette	INFO	Listening on port 26906
1543460960610	Marionette	WARN	TLS certificate errors will be ignored for this session
1543460986015	Marionette	INFO	Stopped listening on port 26906
[Parent 34040, Gecko_IOThread] WARNING: pipe error: 109: file z:/build/build/src/ipc/chromium/src/chrome/common/ipc_channel_win.cc, line 346
[Child 44584, Chrome_ChildThread] WARNING: pipe error: 109: file z:/build/build/src/ipc/chromium/src/chrome/common/ipc_channel_win.cc, line 346
[Child 44584, Chrome_ChildThread] WARNING: pipe error: 1[Child 38448, Chrome_ChildThread] WARNING: pipe error: 109: file z:/build/build/src/ipc/chromium/src/chrome/common/ipc_channel_win.cc, line 346
[C[Parent 34040, Gecko_IOThread] WARNING: pipe error: 109: file z:/build/build/src/ipc/chromium/src/chrome/common/ipc_channel_win.cc, line 346
[Child 31528, Chrome_ChildThread] WARNING: pipe error: 109: file z:/build/build/src/ipc/chromium/src/chrome/common/ipc_channel_win.cc, line 346
[Child 31528, Chrome_ChildThread] WARNING: pipe